stdio    D         file_stdio.c:109  file_stdio_fopen                 [   0.00000] opening C:\Users\Thiago\Desktop\Derrota Continua\bin\Debug\allegro5.cfg r
system   D            wsystem.c:771  _al_win_safe_load_library        [   0.00000] PathFindOnPath found: C:\Windows\system32\shcore.dll
system   D            wsystem.c:682  load_library_at_path             [   0.00000] Calling LoadLibrary C:\Windows\system32\shcore.dll
system   I            wsystem.c:685  load_library_at_path             [   0.00000] Loaded C:\Windows\system32\shcore.dll
system   I             system.c:257  al_install_system                [   0.00000] Allegro version: 5.2.2
system   D            wsystem.c:771  _al_win_safe_load_library        [   0.00045] PathFindOnPath found: C:\Windows\system32\d3d9.dll
system   D            wsystem.c:682  load_library_at_path             [   0.00046] Calling LoadLibrary C:\Windows\system32\d3d9.dll
system   I            wsystem.c:685  load_library_at_path             [   0.00238] Loaded C:\Windows\system32\d3d9.dll
d3d      I         d3d_disp.cpp:674  d3d_init_display                 [   0.00702] Render-to-texture: 1
d3d      I         d3d_disp.cpp:1769 d3d_create_display_locked        [   0.00778] faux_fullscreen=0
d3d      D         d3d_disp.cpp:1770 d3d_create_display_locked        [   0.00779] al_display=00F6C5E8
d3d      D         d3d_disp.cpp:1771 d3d_create_display_locked        [   0.00780] al_display->vt=00F67378
d3d      I d3d_display_formats.cpp:144  _al_d3d_generate_display_format_list [   0.01076] found 64 format combinations
display  D   display_settings.c:212  debug_display_settings           [   0.01079] color: 32 (rgba 8880), depth: 0, stencil: 0, acc: 0000, samples: 0/0
display  D   display_settings.c:527  _al_score_display_settings       [   0.01080] Score is : 897
display  D   display_settings.c:212  debug_display_settings           [   0.01081] color: 32 (rgba 8880), depth: 0, stencil: 0, acc: 0000, samples: 0/0
display  D   display_settings.c:527  _al_score_display_settings       [   0.01082] Score is : 897
display  D   display_settings.c:212  debug_display_settings           [   0.01083] color: 32 (rgba 8880), depth: 24, stencil: 8, acc: 0000, samples: 0/0
display  D   display_settings.c:527  _al_score_display_settings       [   0.01084] Score is : 897
display  D   display_settings.c:212  debug_display_settings           [   0.01085] color: 32 (rgba 8880), depth: 24, stencil: 8, acc: 0000, samples: 0/0
display  D   display_settings.c:527  _al_score_display_settings       [   0.01086] Score is : 897
display  D   display_settings.c:212  debug_display_settings           [   0.01086] color: 32 (rgba 8880), depth: 24, stencil: 0, acc: 0000, samples: 0/0
display  D   display_settings.c:527  _al_score_display_settings       [   0.01087] Score is : 897
display  D   display_settings.c:212  debug_display_settings           [   0.01088] color: 32 (rgba 8880), depth: 24, stencil: 0, acc: 0000, samples: 0/0
display  D   display_settings.c:527  _al_score_display_settings       [   0.01089] Score is : 897
display  D   display_settings.c:212  debug_display_settings           [   0.01090] color: 32 (rgba 8880), depth: 16, stencil: 0, acc: 0000, samples: 0/0
display  D   display_settings.c:527  _al_score_display_settings       [   0.01091] Score is : 897
display  D   display_settings.c:212  debug_display_settings           [   0.01092] color: 32 (rgba 8880), depth: 16, stencil: 0, acc: 0000, samples: 0/0
display  D   display_settings.c:527  _al_score_display_settings       [   0.01093] Score is : 897
display  D   display_settings.c:212  debug_display_settings           [   0.01093] color: 16 (rgba 5650), depth: 0, stencil: 0, acc: 0000, samples: 0/0
display  D   display_settings.c:527  _al_score_display_settings       [   0.01094] Score is : 897
display  D   display_settings.c:212  debug_display_settings           [   0.01095] color: 16 (rgba 5650), depth: 0, stencil: 0, acc: 0000, samples: 0/0
display  D   display_settings.c:527  _al_score_display_settings       [   0.01096] Score is : 897
display  D   display_settings.c:212  debug_display_settings           [   0.01102] color: 16 (rgba 5650), depth: 24, stencil: 8, acc: 0000, samples: 0/0
display  D   display_settings.c:527  _al_score_display_settings       [   0.01103] Score is : 897
display  D   display_settings.c:212  debug_display_settings           [   0.01104] color: 16 (rgba 5650), depth: 24, stencil: 8, acc: 0000, samples: 0/0
display  D   display_settings.c:527  _al_score_display_settings       [   0.01105] Score is : 897
display  D   display_settings.c:212  debug_display_settings           [   0.01106] color: 16 (rgba 5650), depth: 24, stencil: 0, acc: 0000, samples: 0/0
display  D   display_settings.c:527  _al_score_display_settings       [   0.01107] Score is : 897
display  D   display_settings.c:212  debug_display_settings           [   0.01108] color: 16 (rgba 5650), depth: 24, stencil: 0, acc: 0000, samples: 0/0
display  D   display_settings.c:527  _al_score_display_settings       [   0.01109] Score is : 897
display  D   display_settings.c:212  debug_display_settings           [   0.01109] color: 16 (rgba 5650), depth: 16, stencil: 0, acc: 0000, samples: 0/0
display  D   display_settings.c:527  _al_score_display_settings       [   0.01110] Score is : 897
display  D   display_settings.c:212  debug_display_settings           [   0.01111] color: 16 (rgba 5650), depth: 16, stencil: 0, acc: 0000, samples: 0/0
display  D   display_settings.c:527  _al_score_display_settings       [   0.01112] Score is : 897
display  D   display_settings.c:212  debug_display_settings           [   0.01113] color: 32 (rgba 8880), depth: 0, stencil: 0, acc: 0000, samples: 0/0
display  D   display_settings.c:398  _al_score_display_settings       [   0.01114] Single Buffer requirement not met.
display  D   display_settings.c:212  debug_display_settings           [   0.01114] color: 32 (rgba 8880), depth: 0, stencil: 0, acc: 0000, samples: 0/0
display  D   display_settings.c:398  _al_score_display_settings       [   0.01115] Single Buffer requirement not met.
display  D   display_settings.c:212  debug_display_settings           [   0.01116] color: 32 (rgba 8880), depth: 24, stencil: 8, acc: 0000, samples: 0/0
display  D   display_settings.c:398  _al_score_display_settings       [   0.01117] Single Buffer requirement not met.
display  D   display_settings.c:212  debug_display_settings           [   0.01118] color: 32 (rgba 8880), depth: 24, stencil: 8, acc: 0000, samples: 0/0
display  D   display_settings.c:398  _al_score_display_settings       [   0.01119] Single Buffer requirement not met.
display  D   display_settings.c:212  debug_display_settings           [   0.01120] color: 32 (rgba 8880), depth: 24, stencil: 0, acc: 0000, samples: 0/0
display  D   display_settings.c:398  _al_score_display_settings       [   0.01120] Single Buffer requirement not met.
display  D   display_settings.c:212  debug_display_settings           [   0.01121] color: 32 (rgba 8880), depth: 24, stencil: 0, acc: 0000, samples: 0/0
display  D   display_settings.c:398  _al_score_display_settings       [   0.01122] Single Buffer requirement not met.
display  D   display_settings.c:212  debug_display_settings           [   0.01123] color: 32 (rgba 8880), depth: 16, stencil: 0, acc: 0000, samples: 0/0
display  D   display_settings.c:398  _al_score_display_settings       [   0.01124] Single Buffer requirement not met.
display  D   display_settings.c:212  debug_display_settings           [   0.01125] color: 32 (rgba 8880), depth: 16, stencil: 0, acc: 0000, samples: 0/0
display  D   display_settings.c:398  _al_score_display_settings       [   0.01126] Single Buffer requirement not met.
display  D   display_settings.c:212  debug_display_settings           [   0.01127] color: 16 (rgba 5650), depth: 0, stencil: 0, acc: 0000, samples: 0/0
display  D   display_settings.c:398  _al_score_display_settings       [   0.01128] Single Buffer requirement not met.
display  D   display_settings.c:212  debug_display_settings           [   0.01129] color: 16 (rgba 5650), depth: 0, stencil: 0, acc: 0000, samples: 0/0
display  D   display_settings.c:398  _al_score_display_settings       [   0.01130] Single Buffer requirement not met.
display  D   display_settings.c:212  debug_display_settings           [   0.01131] color: 16 (rgba 5650), depth: 24, stencil: 8, acc: 0000, samples: 0/0
display  D   display_settings.c:398  _al_score_display_settings       [   0.01132] Single Buffer requirement not met.
display  D   display_settings.c:212  debug_display_settings           [   0.01132] color: 16 (rgba 5650), depth: 24, stencil: 8, acc: 0000, samples: 0/0
display  D   display_settings.c:398  _al_score_display_settings       [   0.01133] Single Buffer requirement not met.
display  D   display_settings.c:212  debug_display_settings           [   0.01134] color: 16 (rgba 5650), depth: 24, stencil: 0, acc: 0000, samples: 0/0
display  D   display_settings.c:398  _al_score_display_settings       [   0.01135] Single Buffer requirement not met.
display  D   display_settings.c:212  debug_display_settings           [   0.01136] color: 16 (rgba 5650), depth: 24, stencil: 0, acc: 0000, samples: 0/0
display  D   display_settings.c:398  _al_score_display_settings       [   0.01137] Single Buffer requirement not met.
display  D   display_settings.c:212  debug_display_settings           [   0.01137] color: 16 (rgba 5650), depth: 16, stencil: 0, acc: 0000, samples: 0/0
display  D   display_settings.c:398  _al_score_display_settings       [   0.01138] Single Buffer requirement not met.
display  D   display_settings.c:212  debug_display_settings           [   0.01139] color: 16 (rgba 5650), depth: 16, stencil: 0, acc: 0000, samples: 0/0
display  D   display_settings.c:398  _al_score_display_settings       [   0.01140] Single Buffer requirement not met.
display  D   display_settings.c:212  debug_display_settings           [   0.01141] color: 32 (rgba 8880), depth: 0, stencil: 0, acc: 0000, samples: 0/0
display  D   display_settings.c:527  _al_score_display_settings       [   0.01142] Score is : 769
display  D   display_settings.c:212  debug_display_settings           [   0.01142] color: 32 (rgba 8880), depth: 0, stencil: 0, acc: 0000, samples: 0/0
display  D   display_settings.c:527  _al_score_display_settings       [   0.01143] Score is : 769
display  D   display_settings.c:212  debug_display_settings           [   0.01144] color: 32 (rgba 8880), depth: 24, stencil: 8, acc: 0000, samples: 0/0
display  D   display_settings.c:527  _al_score_display_settings       [   0.01145] Score is : 769
display  D   display_settings.c:212  debug_display_settings           [   0.01146] color: 32 (rgba 8880), depth: 24, stencil: 8, acc: 0000, samples: 0/0
display  D   display_settings.c:527  _al_score_display_settings       [   0.01147] Score is : 769
display  D   display_settings.c:212  debug_display_settings           [   0.01148] color: 32 (rgba 8880), depth: 24, stencil: 0, acc: 0000, samples: 0/0
display  D   display_settings.c:527  _al_score_display_settings       [   0.01148] Score is : 769
display  D   display_settings.c:212  debug_display_settings           [   0.01149] color: 32 (rgba 8880), depth: 24, stencil: 0, acc: 0000, samples: 0/0
display  D   display_settings.c:527  _al_score_display_settings       [   0.01150] Score is : 769
display  D   display_settings.c:212  debug_display_settings           [   0.01151] color: 32 (rgba 8880), depth: 16, stencil: 0, acc: 0000, samples: 0/0
display  D   display_settings.c:527  _al_score_display_settings       [   0.01152] Score is : 769
display  D   display_settings.c:212  debug_display_settings           [   0.01153] color: 32 (rgba 8880), depth: 16, stencil: 0, acc: 0000, samples: 0/0
display  D   display_settings.c:527  _al_score_display_settings       [   0.01154] Score is : 769
display  D   display_settings.c:212  debug_display_settings           [   0.01154] color: 16 (rgba 5650), depth: 0, stencil: 0, acc: 0000, samples: 0/0
display  D   display_settings.c:527  _al_score_display_settings       [   0.01155] Score is : 769
display  D   display_settings.c:212  debug_display_settings           [   0.01156] color: 16 (rgba 5650), depth: 0, stencil: 0, acc: 0000, samples: 0/0
display  D   display_settings.c:527  _al_score_display_settings       [   0.01157] Score is : 769
display  D   display_settings.c:212  debug_display_settings           [   0.01158] color: 16 (rgba 5650), depth: 24, stencil: 8, acc: 0000, samples: 0/0
display  D   display_settings.c:527  _al_score_display_settings       [   0.01159] Score is : 769
display  D   display_settings.c:212  debug_display_settings           [   0.01160] color: 16 (rgba 5650), depth: 24, stencil: 8, acc: 0000, samples: 0/0
display  D   display_settings.c:527  _al_score_display_settings       [   0.01161] Score is : 769
display  D   display_settings.c:212  debug_display_settings           [   0.01161] color: 16 (rgba 5650), depth: 24, stencil: 0, acc: 0000, samples: 0/0
display  D   display_settings.c:527  _al_score_display_settings       [   0.01162] Score is : 769
display  D   display_settings.c:212  debug_display_settings           [   0.01163] color: 16 (rgba 5650), depth: 24, stencil: 0, acc: 0000, samples: 0/0
display  D   display_settings.c:527  _al_score_display_settings       [   0.01164] Score is : 769
display  D   display_settings.c:212  debug_display_settings           [   0.01165] color: 16 (rgba 5650), depth: 16, stencil: 0, acc: 0000, samples: 0/0
display  D   display_settings.c:527  _al_score_display_settings       [   0.01166] Score is : 769
display  D   display_settings.c:212  debug_display_settings           [   0.01166] color: 16 (rgba 5650), depth: 16, stencil: 0, acc: 0000, samples: 0/0
display  D   display_settings.c:527  _al_score_display_settings       [   0.01167] Score is : 769
display  D   display_settings.c:212  debug_display_settings           [   0.01168] color: 32 (rgba 8880), depth: 0, stencil: 0, acc: 0000, samples: 0/0
display  D   display_settings.c:398  _al_score_display_settings       [   0.01169] Single Buffer requirement not met.
display  D   display_settings.c:212  debug_display_settings           [   0.01170] color: 32 (rgba 8880), depth: 0, stencil: 0, acc: 0000, samples: 0/0
display  D   display_settings.c:398  _al_score_display_settings       [   0.01171] Single Buffer requirement not met.
display  D   display_settings.c:212  debug_display_settings           [   0.01172] color: 32 (rgba 8880), depth: 24, stencil: 8, acc: 0000, samples: 0/0
display  D   display_settings.c:398  _al_score_display_settings       [   0.01172] Single Buffer requirement not met.
display  D   display_settings.c:212  debug_display_settings           [   0.01173] color: 32 (rgba 8880), depth: 24, stencil: 8, acc: 0000, samples: 0/0
display  D   display_settings.c:398  _al_score_display_settings       [   0.01174] Single Buffer requirement not met.
display  D   display_settings.c:212  debug_display_settings           [   0.01175] color: 32 (rgba 8880), depth: 24, stencil: 0, acc: 0000, samples: 0/0
display  D   display_settings.c:398  _al_score_display_settings       [   0.01176] Single Buffer requirement not met.
display  D   display_settings.c:212  debug_display_settings           [   0.01177] color: 32 (rgba 8880), depth: 24, stencil: 0, acc: 0000, samples: 0/0
display  D   display_settings.c:398  _al_score_display_settings       [   0.01178] Single Buffer requirement not met.
display  D   display_settings.c:212  debug_display_settings           [   0.01178] color: 32 (rgba 8880), depth: 16, stencil: 0, acc: 0000, samples: 0/0
display  D   display_settings.c:398  _al_score_display_settings       [   0.01179] Single Buffer requirement not met.
display  D   display_settings.c:212  debug_display_settings           [   0.01180] color: 32 (rgba 8880), depth: 16, stencil: 0, acc: 0000, samples: 0/0
display  D   display_settings.c:398  _al_score_display_settings       [   0.01181] Single Buffer requirement not met.
display  D   display_settings.c:212  debug_display_settings           [   0.01182] color: 16 (rgba 5650), depth: 0, stencil: 0, acc: 0000, samples: 0/0
display  D   display_settings.c:398  _al_score_display_settings       [   0.01183] Single Buffer requirement not met.
display  D   display_settings.c:212  debug_display_settings           [   0.01186] color: 16 (rgba 5650), depth: 0, stencil: 0, acc: 0000, samples: 0/0
display  D   display_settings.c:398  _al_score_display_settings       [   0.01187] Single Buffer requirement not met.
display  D   display_settings.c:212  debug_display_settings           [   0.01188] color: 16 (rgba 5650), depth: 24, stencil: 8, acc: 0000, samples: 0/0
display  D   display_settings.c:398  _al_score_display_settings       [   0.01189] Single Buffer requirement not met.
display  D   display_settings.c:212  debug_display_settings           [   0.01190] color: 16 (rgba 5650), depth: 24, stencil: 8, acc: 0000, samples: 0/0
display  D   display_settings.c:398  _al_score_display_settings       [   0.01191] Single Buffer requirement not met.
display  D   display_settings.c:212  debug_display_settings           [   0.01192] color: 16 (rgba 5650), depth: 24, stencil: 0, acc: 0000, samples: 0/0
display  D   display_settings.c:398  _al_score_display_settings       [   0.01193] Single Buffer requirement not met.
display  D   display_settings.c:212  debug_display_settings           [   0.01193] color: 16 (rgba 5650), depth: 24, stencil: 0, acc: 0000, samples: 0/0
display  D   display_settings.c:398  _al_score_display_settings       [   0.01194] Single Buffer requirement not met.
display  D   display_settings.c:212  debug_display_settings           [   0.01195] color: 16 (rgba 5650), depth: 16, stencil: 0, acc: 0000, samples: 0/0
display  D   display_settings.c:398  _al_score_display_settings       [   0.01196] Single Buffer requirement not met.
display  D   display_settings.c:212  debug_display_settings           [   0.01197] color: 16 (rgba 5650), depth: 16, stencil: 0, acc: 0000, samples: 0/0
display  D   display_settings.c:398  _al_score_display_settings       [   0.01198] Single Buffer requirement not met.
d3d      D         d3d_disp.cpp:1669 d3d_create_display_internals     [   0.01199] Trying format 0.
d3d      I         d3d_disp.cpp:1344 d3d_display_thread_proc          [   0.01219] Chose a display format: 23
d3d      I         d3d_disp.cpp:1413 d3d_display_thread_proc          [   0.01222] Normal window.
d3d      I         d3d_disp.cpp:781  d3d_create_device                [   0.03663] Using no depth stencil buffer
d3d      D         d3d_disp.cpp:839  d3d_create_device                [   0.04678] BeginScene succeeded in create_device
d3d      D         d3d_disp.cpp:847  d3d_create_device                [   0.04682] Success
d3d      D         d3d_disp.cpp:1692 d3d_create_display_internals     [   0.04686] Resumed after wait.
d3d      I         d3d_disp.cpp:1725 d3d_create_display_internals     [   0.04689] Format 0 succeeded.
d3d      D         d3d_disp.cpp:1756 d3d_create_display_internals     [   0.04693] Returning d3d_display: 00F6C5E8
d3d      D         d3d_disp.cpp:1781 d3d_create_display_locked        [   0.04695] al_display=00F6C5E8
d3d      D         d3d_disp.cpp:1782 d3d_create_display_locked        [   0.04696] al_display->vt=00F67378
system   D            wsystem.c:771  _al_win_safe_load_library        [   0.04807] PathFindOnPath found: C:\Windows\system32\d3dx9_43.dll
system   D            wsystem.c:682  load_library_at_path             [   0.04816] Calling LoadLibrary C:\Windows\system32\d3dx9_43.dll
system   I            wsystem.c:685  load_library_at_path             [   0.04922] Loaded C:\Windows\system32\d3dx9_43.dll
d3dx9    I        d3d_d3dx9.cpp:88   _imp_load_d3dx9_module_version   [   0.04939] Module "d3dx9_43.dll" loaded.
dtor     D               dtor.c:196  _al_register_destructor          [   0.05062] added dtor for timer 02710288, func 61CF628F
audio-dsound I           dsound.cpp:249  _dsound_open                     [   0.05070] Starting DirectSound...
audio-dsound D           dsound.cpp:258  _dsound_open                     [   0.08527] DirectSoundCreate8 succeeded
audio    I              audio.c:347  do_install_audio                 [   0.09058] Using DirectSound driver
audio-dsound D           dsound.cpp:290  _dsound_allocate_voice           [   0.09065] Allocating voice
audio-dsound D           dsound.cpp:349  _dsound_allocate_voice           [   0.09067] Allocated voice
dtor     D               dtor.c:196  _al_register_destructor          [   0.09068] added dtor for voice 027131E8, func 61DC5398
dtor     D               dtor.c:196  _al_register_destructor          [   0.09069] added dtor for mixer 02719CB8, func 61DC1429
audio-dsound D           dsound.cpp:446  _dsound_start_voice              [   0.09071] Starting voice
audio-dsound D           dsound.cpp:474  _dsound_start_voice              [   0.09071] CreateSoundBuffer
audio-dsound D           dsound.cpp:483  _dsound_start_voice              [   0.09395] CreateSoundBuffer succeeded
audio-dsound D           dsound.cpp:489  _dsound_start_voice              [   0.09399] Starting _dsound_update thread
audio-dsound I           dsound.cpp:499  _dsound_start_voice              [   0.09411] Voice started
dtor     D               dtor.c:196  _al_register_destructor          [   0.09414] added dtor for sample_instance 02719FE8, func 61DBB8F3
audio    D          kcm_mixer.c:121  _al_rechannel_matrix             [   0.09417] sample matrix:
audio    D          kcm_mixer.c:127  _al_rechannel_matrix             [   0.09419] 
audio    D          kcm_mixer.c:127  _al_rechannel_matrix             [   0.09420] 
dtor     D               dtor.c:196  _al_register_destructor          [   0.09423] added dtor for sample_instance 0271A2F8, func 61DBB8F3
audio    D          kcm_mixer.c:121  _al_rechannel_matrix             [   0.09425] sample matrix:
audio    D          kcm_mixer.c:127  _al_rechannel_matrix             [   0.09426] 
audio    D          kcm_mixer.c:127  _al_rechannel_matrix             [   0.09427] 
dtor     D               dtor.c:196  _al_register_destructor          [   0.09429] added dtor for sample_instance 02719DC8, func 61DBB8F3
audio    D          kcm_mixer.c:121  _al_rechannel_matrix             [   0.09446] sample matrix:
audio    D          kcm_mixer.c:127  _al_rechannel_matrix             [   0.09448] 
audio    D          kcm_mixer.c:127  _al_rechannel_matrix             [   0.09450] 
dtor     D               dtor.c:196  _al_register_destructor          [   0.09451] added dtor for sample_instance 02719EB8, func 61DBB8F3
audio    D          kcm_mixer.c:121  _al_rechannel_matrix             [   0.09454] sample matrix:
audio    D          kcm_mixer.c:127  _al_rechannel_matrix             [   0.09455] 
audio    D          kcm_mixer.c:127  _al_rechannel_matrix             [   0.09456] 
dtor     D               dtor.c:196  _al_register_destructor          [   0.09458] added dtor for sample_instance 02726C00, func 61DBB8F3
audio    D          kcm_mixer.c:121  _al_rechannel_matrix             [   0.09460] sample matrix:
audio    D          kcm_mixer.c:127  _al_rechannel_matrix             [   0.09461] 
audio    D          kcm_mixer.c:127  _al_rechannel_matrix             [   0.09463] 
acodec   I                ogg.c:204  _al_load_ogg_vorbis              [   0.09467] Loading sample som/click.ogg.
stdio    D         file_stdio.c:109  file_stdio_fopen                 [   0.09469] opening som/click.ogg rb
acodec   D                ogg.c:263  _al_load_ogg_vorbis_f            [   0.09636] channels 2
acodec   D                ogg.c:264  _al_load_ogg_vorbis_f            [   0.09640] word_size 2
acodec   D                ogg.c:265  _al_load_ogg_vorbis_f            [   0.09641] rate 44100
acodec   D                ogg.c:266  _al_load_ogg_vorbis_f            [   0.09643] total_samples 44864
acodec   D                ogg.c:267  _al_load_ogg_vorbis_f            [   0.09644] total_size 179456
dtor     D               dtor.c:196  _al_register_destructor          [   0.10158] added dtor for sample 0276AFA8, func 61DC2689
acodec   I                ogg.c:438  _al_load_ogg_vorbis_audio_stream [   0.10165] Loading stream som/menu.ogg.
stdio    D         file_stdio.c:109  file_stdio_fopen                 [   0.10168] opening som/menu.ogg rb
acodec   D                ogg.c:497  _al_load_ogg_vorbis_audio_stream_f [   0.10270] channels 2
acodec   D                ogg.c:498  _al_load_ogg_vorbis_audio_stream_f [   0.10272] word_size 2
acodec   D                ogg.c:499  _al_load_ogg_vorbis_audio_stream_f [   0.10273] rate 44100
acodec   D                ogg.c:500  _al_load_ogg_vorbis_audio_stream_f [   0.10274] total_samples 10455552
acodec   D                ogg.c:501  _al_load_ogg_vorbis_audio_stream_f [   0.10276] total_size 41822208
acodec   I                ogg.c:438  _al_load_ogg_vorbis_audio_stream [   0.10288] Loading stream som/ambiente.ogg.
stdio    D         file_stdio.c:109  file_stdio_fopen                 [   0.10290] opening som/ambiente.ogg rb
audio    D         kcm_stream.c:677  _al_kcm_feed_stream              [   0.10300] Stream feeder thread started.
dtor     D               dtor.c:196  _al_register_destructor          [   0.10306] added dtor for queue 02769920, func 61CE5C4F
acodec   D                ogg.c:497  _al_load_ogg_vorbis_audio_stream_f [   0.10400] channels 2
acodec   D                ogg.c:498  _al_load_ogg_vorbis_audio_stream_f [   0.10401] word_size 2
acodec   D                ogg.c:499  _al_load_ogg_vorbis_audio_stream_f [   0.10403] rate 44100
acodec   D                ogg.c:500  _al_load_ogg_vorbis_audio_stream_f [   0.10404] total_samples 5726592
acodec   D                ogg.c:501  _al_load_ogg_vorbis_audio_stream_f [   0.10405] total_size 22906368
acodec   I                ogg.c:438  _al_load_ogg_vorbis_audio_stream [   0.10415] Loading stream som/batalha.ogg.
stdio    D         file_stdio.c:109  file_stdio_fopen                 [   0.10417] opening som/batalha.ogg rb
audio    D         kcm_stream.c:677  _al_kcm_feed_stream              [   0.10427] Stream feeder thread started.
dtor     D               dtor.c:196  _al_register_destructor          [   0.10433] added dtor for queue 027765E0, func 61CE5C4F
acodec   D                ogg.c:497  _al_load_ogg_vorbis_audio_stream_f [   0.10549] channels 2
acodec   D                ogg.c:498  _al_load_ogg_vorbis_audio_stream_f [   0.10551] word_size 2
acodec   D                ogg.c:499  _al_load_ogg_vorbis_audio_stream_f [   0.10552] rate 44100
acodec   D                ogg.c:500  _al_load_ogg_vorbis_audio_stream_f [   0.10553] total_samples 8376192
acodec   D                ogg.c:501  _al_load_ogg_vorbis_audio_stream_f [   0.10554] total_size 33504768
audio    D         kcm_stream.c:677  _al_kcm_feed_stream              [   0.10576] Stream feeder thread started.
dtor     D               dtor.c:196  _al_register_destructor          [   0.10581] added dtor for queue 027C2A20, func 61CE5C4F
stdio    D         file_stdio.c:109  file_stdio_fopen                 [   0.10592] opening fonte/raleway.ttf rb
font     D                ttf.c:937  al_load_ttf_font_stretch_f       [   0.10649] Font fonte/raleway.ttf loaded with pixel size 0 x 47.
font     D                ttf.c:939  al_load_ttf_font_stretch_f       [   0.10651]     ascent=44.0, descent=-11.0, height=55.0
dtor     D               dtor.c:196  _al_register_destructor          [   0.10654] added dtor for ttf_font 0271AB58, func 61DB9898
stdio    D         file_stdio.c:109  file_stdio_fopen                 [   0.10655] opening fonte/raleway.ttf rb
font     D                ttf.c:937  al_load_ttf_font_stretch_f       [   0.10697] Font fonte/raleway.ttf loaded with pixel size 0 x 30.
font     D                ttf.c:939  al_load_ttf_font_stretch_f       [   0.10699]     ascent=28.0, descent=-7.0, height=35.0
dtor     D               dtor.c:196  _al_register_destructor          [   0.10701] added dtor for ttf_font 0271A938, func 61DB9898
stdio    D         file_stdio.c:109  file_stdio_fopen                 [   0.10702] opening fonte/raleway.ttf rb
font     D                ttf.c:937  al_load_ttf_font_stretch_f       [   0.10740] Font fonte/raleway.ttf loaded with pixel size 0 x 20.
font     D                ttf.c:939  al_load_ttf_font_stretch_f       [   0.10742]     ascent=19.0, descent=-5.0, height=23.0
dtor     D               dtor.c:196  _al_register_destructor          [   0.10744] added dtor for ttf_font 0271AAB8, func 61DB9898
stdio    D         file_stdio.c:109  file_stdio_fopen                 [   0.10746] opening fonte/raleway.ttf rb
font     D                ttf.c:937  al_load_ttf_font_stretch_f       [   0.10780] Font fonte/raleway.ttf loaded with pixel size 0 x 15.
font     D                ttf.c:939  al_load_ttf_font_stretch_f       [   0.10781]     ascent=14.0, descent=-4.0, height=18.0
dtor     D               dtor.c:196  _al_register_destructor          [   0.10783] added dtor for ttf_font 027CB528, func 61DB9898
stdio    D         file_stdio.c:109  file_stdio_fopen                 [   0.10785] opening fonte/ralewayreg.ttf rb
font     D                ttf.c:937  al_load_ttf_font_stretch_f       [   0.10832] Font fonte/ralewayreg.ttf loaded with pixel size 0 x 22.
font     D                ttf.c:939  al_load_ttf_font_stretch_f       [   0.10834]     ascent=21.0, descent=-5.0, height=26.0
dtor     D               dtor.c:196  _al_register_destructor          [   0.10836] added dtor for ttf_font 027CB408, func 61DB9898
stdio    D         file_stdio.c:109  file_stdio_fopen                 [   0.10837] opening fonte/lato.ttf rb
font     D                ttf.c:937  al_load_ttf_font_stretch_f       [   0.10879] Font fonte/lato.ttf loaded with pixel size 0 x 15.
font     D                ttf.c:939  al_load_ttf_font_stretch_f       [   0.10881]     ascent=15.0, descent=-3.0, height=18.0
dtor     D               dtor.c:196  _al_register_destructor          [   0.10882] added dtor for ttf_font 027CB368, func 61DB9898
dtor     D               dtor.c:196  _al_register_destructor          [   0.10884] added dtor for queue 027D0BA0, func 61CE5C4F
stdio    D         file_stdio.c:109  file_stdio_fopen                 [   0.10887] opening imagem/npc.png rb
d3d      D         d3d_disp.cpp:1188 real_choose_bitmap_format        [   0.10915] Fake format
d3d      D         d3d_disp.cpp:1188 real_choose_bitmap_format        [   0.10916] Fake format
d3d      D         d3d_disp.cpp:1188 real_choose_bitmap_format        [   0.10918] Fake format
d3d      D         d3d_disp.cpp:1188 real_choose_bitmap_format        [   0.10919] Fake format
d3d      D         d3d_disp.cpp:1188 real_choose_bitmap_format        [   0.10920] Fake format
d3d      D         d3d_disp.cpp:1188 real_choose_bitmap_format        [   0.10922] Fake format
d3d      D         d3d_disp.cpp:1188 real_choose_bitmap_format        [   0.10923] Fake format
d3d      D         d3d_disp.cpp:1188 real_choose_bitmap_format        [   0.10924] Fake format
d3d      D         d3d_disp.cpp:1188 real_choose_bitmap_format        [   0.10925] Fake format
d3d      D         d3d_disp.cpp:1196 real_choose_bitmap_format        [   0.10926] Alpha doesn't match
d3d      D         d3d_disp.cpp:1203 real_choose_bitmap_format        [   0.10927] Adapter format is 23
d3d      D         d3d_disp.cpp:1206 real_choose_bitmap_format        [   0.10929] Found a format
d3d      I         d3d_disp.cpp:2378 d3d_create_bitmap                [   0.10930] Chose bitmap format 9
dtor     D               dtor.c:196  _al_register_destructor          [   0.11043] added dtor for bitmap 027D1068, func 61CC1C7B
d3d      D          d3d_bmp.cpp:539  _al_d3d_sync_bitmap              [   0.85430] _al_d3d_sync_bitmap (system) ref count == 1
d3d      D          d3d_bmp.cpp:545  _al_d3d_sync_bitmap              [   0.85435] _al_d3d_sync_bitmap (video) ref count == 1
stdio    D         file_stdio.c:109  file_stdio_fopen                 [   2.65053] opening imagem/npc2.png rb
d3d      D         d3d_disp.cpp:1188 real_choose_bitmap_format        [   2.65081] Fake format
d3d      D         d3d_disp.cpp:1188 real_choose_bitmap_format        [   2.65083] Fake format
d3d      D         d3d_disp.cpp:1188 real_choose_bitmap_format        [   2.65084] Fake format
d3d      D         d3d_disp.cpp:1188 real_choose_bitmap_format        [   2.65084] Fake format
d3d      D         d3d_disp.cpp:1188 real_choose_bitmap_format        [   2.65090] Fake format
d3d      D         d3d_disp.cpp:1188 real_choose_bitmap_format        [   2.65092] Fake format
d3d      D         d3d_disp.cpp:1188 real_choose_bitmap_format        [   2.65092] Fake format
d3d      D         d3d_disp.cpp:1188 real_choose_bitmap_format        [   2.65093] Fake format
d3d      D         d3d_disp.cpp:1188 real_choose_bitmap_format        [   2.65094] Fake format
d3d      D         d3d_disp.cpp:1196 real_choose_bitmap_format        [   2.65094] Alpha doesn't match
d3d      D         d3d_disp.cpp:1203 real_choose_bitmap_format        [   2.65095] Adapter format is 23
d3d      D         d3d_disp.cpp:1206 real_choose_bitmap_format        [   2.65096] Found a format
d3d      I         d3d_disp.cpp:2378 d3d_create_bitmap                [   2.65097] Chose bitmap format 9
dtor     D               dtor.c:196  _al_register_destructor          [   2.65144] added dtor for bitmap 0280EBF8, func 61CC1C7B
d3d      D          d3d_bmp.cpp:539  _al_d3d_sync_bitmap              [   3.42246] _al_d3d_sync_bitmap (system) ref count == 1
d3d      D          d3d_bmp.cpp:545  _al_d3d_sync_bitmap              [   3.42251] _al_d3d_sync_bitmap (video) ref count == 1
stdio    D         file_stdio.c:109  file_stdio_fopen                 [   5.06837] opening imagem/masculino.png rb
d3d      D         d3d_disp.cpp:1188 real_choose_bitmap_format        [   5.08274] Fake format
d3d      D         d3d_disp.cpp:1188 real_choose_bitmap_format        [   5.08276] Fake format
d3d      D         d3d_disp.cpp:1188 real_choose_bitmap_format        [   5.08277] Fake format
d3d      D         d3d_disp.cpp:1188 real_choose_bitmap_format        [   5.08278] Fake format
d3d      D         d3d_disp.cpp:1188 real_choose_bitmap_format        [   5.08279] Fake format
d3d      D         d3d_disp.cpp:1188 real_choose_bitmap_format        [   5.08279] Fake format
d3d      D         d3d_disp.cpp:1188 real_choose_bitmap_format        [   5.08280] Fake format
d3d      D         d3d_disp.cpp:1188 real_choose_bitmap_format        [   5.08281] Fake format
d3d      D         d3d_disp.cpp:1188 real_choose_bitmap_format        [   5.08282] Fake format
d3d      D         d3d_disp.cpp:1196 real_choose_bitmap_format        [   5.08282] Alpha doesn't match
d3d      D         d3d_disp.cpp:1203 real_choose_bitmap_format        [   5.08283] Adapter format is 23
d3d      D         d3d_disp.cpp:1206 real_choose_bitmap_format        [   5.08284] Found a format
d3d      I         d3d_disp.cpp:2378 d3d_create_bitmap                [   5.08285] Chose bitmap format 9
dtor     D               dtor.c:196  _al_register_destructor          [   5.08342] added dtor for bitmap 0280EE30, func 61CC1C7B
d3d      D          d3d_bmp.cpp:539  _al_d3d_sync_bitmap              [   5.86932] _al_d3d_sync_bitmap (system) ref count == 1
d3d      D          d3d_bmp.cpp:545  _al_d3d_sync_bitmap              [   5.86936] _al_d3d_sync_bitmap (video) ref count == 1
stdio    D         file_stdio.c:109  file_stdio_fopen                 [   7.64603] opening imagem/feminino.png rb
d3d      D         d3d_disp.cpp:1188 real_choose_bitmap_format        [   7.65636] Fake format
d3d      D         d3d_disp.cpp:1188 real_choose_bitmap_format        [   7.65638] Fake format
d3d      D         d3d_disp.cpp:1188 real_choose_bitmap_format        [   7.65639] Fake format
d3d      D         d3d_disp.cpp:1188 real_choose_bitmap_format        [   7.65639] Fake format
d3d      D         d3d_disp.cpp:1188 real_choose_bitmap_format        [   7.65640] Fake format
d3d      D         d3d_disp.cpp:1188 real_choose_bitmap_format        [   7.65641] Fake format
d3d      D         d3d_disp.cpp:1188 real_choose_bitmap_format        [   7.65642] Fake format
d3d      D         d3d_disp.cpp:1188 real_choose_bitmap_format        [   7.65642] Fake format
d3d      D         d3d_disp.cpp:1188 real_choose_bitmap_format        [   7.65643] Fake format
d3d      D         d3d_disp.cpp:1196 real_choose_bitmap_format        [   7.65649] Alpha doesn't match
d3d      D         d3d_disp.cpp:1203 real_choose_bitmap_format        [   7.65651] Adapter format is 23
d3d      D         d3d_disp.cpp:1206 real_choose_bitmap_format        [   7.65652] Found a format
d3d      I         d3d_disp.cpp:2378 d3d_create_bitmap                [   7.65652] Chose bitmap format 9
dtor     D               dtor.c:196  _al_register_destructor          [   7.65704] added dtor for bitmap 0280C4C8, func 61CC1C7B
d3d      D          d3d_bmp.cpp:539  _al_d3d_sync_bitmap              [   8.42043] _al_d3d_sync_bitmap (system) ref count == 1
d3d      D          d3d_bmp.cpp:545  _al_d3d_sync_bitmap              [   8.42047] _al_d3d_sync_bitmap (video) ref count == 1
stdio    D         file_stdio.c:109  file_stdio_fopen                 [  10.16040] opening imagem/fundoex.bmp rb
d3d      D         d3d_disp.cpp:1188 real_choose_bitmap_format        [  10.21167] Fake format
d3d      D         d3d_disp.cpp:1188 real_choose_bitmap_format        [  10.21169] Fake format
d3d      D         d3d_disp.cpp:1188 real_choose_bitmap_format        [  10.21170] Fake format
d3d      D         d3d_disp.cpp:1188 real_choose_bitmap_format        [  10.21171] Fake format
d3d      D         d3d_disp.cpp:1188 real_choose_bitmap_format        [  10.21172] Fake format
d3d      D         d3d_disp.cpp:1188 real_choose_bitmap_format        [  10.21173] Fake format
d3d      D         d3d_disp.cpp:1188 real_choose_bitmap_format        [  10.21173] Fake format
d3d      D         d3d_disp.cpp:1188 real_choose_bitmap_format        [  10.21175] Fake format
d3d      D         d3d_disp.cpp:1188 real_choose_bitmap_format        [  10.21176] Fake format
d3d      D         d3d_disp.cpp:1196 real_choose_bitmap_format        [  10.21177] Alpha doesn't match
d3d      D         d3d_disp.cpp:1203 real_choose_bitmap_format        [  10.21178] Adapter format is 23
d3d      D         d3d_disp.cpp:1206 real_choose_bitmap_format        [  10.21180] Found a format
d3d      I         d3d_disp.cpp:2378 d3d_create_bitmap                [  10.21181] Chose bitmap format 9
dtor     D               dtor.c:196  _al_register_destructor          [  10.21210] added dtor for bitmap 027D0C20, func 61CC1C7B
stdio    D         file_stdio.c:109  file_stdio_fopen                 [  10.67101] opening imagem/dcdentro.bmp rb
d3d      D         d3d_disp.cpp:1188 real_choose_bitmap_format        [  10.69103] Fake format
d3d      D         d3d_disp.cpp:1188 real_choose_bitmap_format        [  10.69106] Fake format
d3d      D         d3d_disp.cpp:1188 real_choose_bitmap_format        [  10.69107] Fake format
d3d      D         d3d_disp.cpp:1188 real_choose_bitmap_format        [  10.69107] Fake format
d3d      D         d3d_disp.cpp:1188 real_choose_bitmap_format        [  10.69108] Fake format
d3d      D         d3d_disp.cpp:1188 real_choose_bitmap_format        [  10.69109] Fake format
d3d      D         d3d_disp.cpp:1188 real_choose_bitmap_format        [  10.69110] Fake format
d3d      D         d3d_disp.cpp:1188 real_choose_bitmap_format        [  10.69110] Fake format
d3d      D         d3d_disp.cpp:1188 real_choose_bitmap_format        [  10.69111] Fake format
d3d      D         d3d_disp.cpp:1196 real_choose_bitmap_format        [  10.69112] Alpha doesn't match
d3d      D         d3d_disp.cpp:1203 real_choose_bitmap_format        [  10.69112] Adapter format is 23
d3d      D         d3d_disp.cpp:1206 real_choose_bitmap_format        [  10.69113] Found a format
d3d      I         d3d_disp.cpp:2378 d3d_create_bitmap                [  10.69114] Chose bitmap format 9
dtor     D               dtor.c:196  _al_register_destructor          [  10.69143] added dtor for bitmap 027D0D70, func 61CC1C7B
stdio    D         file_stdio.c:109  file_stdio_fopen                 [  10.85086] opening imagem/loginbg.png rb
d3d      D         d3d_disp.cpp:1188 real_choose_bitmap_format        [  10.88041] Fake format
d3d      D         d3d_disp.cpp:1188 real_choose_bitmap_format        [  10.88044] Fake format
d3d      D         d3d_disp.cpp:1188 real_choose_bitmap_format        [  10.88051] Fake format
d3d      D         d3d_disp.cpp:1188 real_choose_bitmap_format        [  10.88053] Fake format
d3d      D         d3d_disp.cpp:1188 real_choose_bitmap_format        [  10.88053] Fake format
d3d      D         d3d_disp.cpp:1188 real_choose_bitmap_format        [  10.88054] Fake format
d3d      D         d3d_disp.cpp:1188 real_choose_bitmap_format        [  10.88055] Fake format
d3d      D         d3d_disp.cpp:1188 real_choose_bitmap_format        [  10.88056] Fake format
d3d      D         d3d_disp.cpp:1188 real_choose_bitmap_format        [  10.88056] Fake format
d3d      D         d3d_disp.cpp:1196 real_choose_bitmap_format        [  10.88057] Alpha doesn't match
d3d      D         d3d_disp.cpp:1203 real_choose_bitmap_format        [  10.88058] Adapter format is 23
d3d      D         d3d_disp.cpp:1206 real_choose_bitmap_format        [  10.88059] Found a format
d3d      I         d3d_disp.cpp:2378 d3d_create_bitmap                [  10.88060] Chose bitmap format 9
dtor     D               dtor.c:196  _al_register_destructor          [  10.88081] added dtor for bitmap 0280DD88, func 61CC1C7B
stdio    D         file_stdio.c:109  file_stdio_fopen                 [  10.97211] opening imagem/fundopersonagens.png rb
d3d      D         d3d_disp.cpp:1188 real_choose_bitmap_format        [  10.97660] Fake format
d3d      D         d3d_disp.cpp:1188 real_choose_bitmap_format        [  10.97662] Fake format
d3d      D         d3d_disp.cpp:1188 real_choose_bitmap_format        [  10.97663] Fake format
d3d      D         d3d_disp.cpp:1188 real_choose_bitmap_format        [  10.97663] Fake format
d3d      D         d3d_disp.cpp:1188 real_choose_bitmap_format        [  10.97664] Fake format
d3d      D         d3d_disp.cpp:1188 real_choose_bitmap_format        [  10.97665] Fake format
d3d      D         d3d_disp.cpp:1188 real_choose_bitmap_format        [  10.97666] Fake format
d3d      D         d3d_disp.cpp:1188 real_choose_bitmap_format        [  10.97667] Fake format
d3d      D         d3d_disp.cpp:1188 real_choose_bitmap_format        [  10.97668] Fake format
d3d      D         d3d_disp.cpp:1196 real_choose_bitmap_format        [  10.97668] Alpha doesn't match
d3d      D         d3d_disp.cpp:1203 real_choose_bitmap_format        [  10.97670] Adapter format is 23
d3d      D         d3d_disp.cpp:1206 real_choose_bitmap_format        [  10.97671] Found a format
d3d      I         d3d_disp.cpp:2378 d3d_create_bitmap                [  10.97672] Chose bitmap format 9
dtor     D               dtor.c:196  _al_register_destructor          [  10.97694] added dtor for bitmap 0280DA58, func 61CC1C7B
stdio    D         file_stdio.c:109  file_stdio_fopen                 [  11.07538] opening imagem/instru.png rb
d3d      D         d3d_disp.cpp:1188 real_choose_bitmap_format        [  11.08590] Fake format
d3d      D         d3d_disp.cpp:1188 real_choose_bitmap_format        [  11.08592] Fake format
d3d      D         d3d_disp.cpp:1188 real_choose_bitmap_format        [  11.08593] Fake format
d3d      D         d3d_disp.cpp:1188 real_choose_bitmap_format        [  11.08594] Fake format
d3d      D         d3d_disp.cpp:1188 real_choose_bitmap_format        [  11.08594] Fake format
d3d      D         d3d_disp.cpp:1188 real_choose_bitmap_format        [  11.08595] Fake format
d3d      D         d3d_disp.cpp:1188 real_choose_bitmap_format        [  11.08596] Fake format
d3d      D         d3d_disp.cpp:1188 real_choose_bitmap_format        [  11.08597] Fake format
d3d      D         d3d_disp.cpp:1188 real_choose_bitmap_format        [  11.08597] Fake format
d3d      D         d3d_disp.cpp:1196 real_choose_bitmap_format        [  11.08599] Alpha doesn't match
d3d      D         d3d_disp.cpp:1203 real_choose_bitmap_format        [  11.08600] Adapter format is 23
d3d      D         d3d_disp.cpp:1206 real_choose_bitmap_format        [  11.08601] Found a format
d3d      I         d3d_disp.cpp:2378 d3d_create_bitmap                [  11.08602] Chose bitmap format 9
dtor     D               dtor.c:196  _al_register_destructor          [  11.08624] added dtor for bitmap 0280DBA8, func 61CC1C7B
stdio    D         file_stdio.c:109  file_stdio_fopen                 [  11.15571] opening imagem/salaBatalhaD.jpg rb
d3d      D         d3d_disp.cpp:1188 real_choose_bitmap_format        [  11.20774] Fake format
d3d      D         d3d_disp.cpp:1188 real_choose_bitmap_format        [  11.20777] Fake format
d3d      D         d3d_disp.cpp:1188 real_choose_bitmap_format        [  11.20778] Fake format
d3d      D         d3d_disp.cpp:1188 real_choose_bitmap_format        [  11.20779] Fake format
d3d      D         d3d_disp.cpp:1188 real_choose_bitmap_format        [  11.20779] Fake format
d3d      D         d3d_disp.cpp:1188 real_choose_bitmap_format        [  11.20780] Fake format
d3d      D         d3d_disp.cpp:1188 real_choose_bitmap_format        [  11.20781] Fake format
d3d      D         d3d_disp.cpp:1188 real_choose_bitmap_format        [  11.20782] Fake format
d3d      D         d3d_disp.cpp:1188 real_choose_bitmap_format        [  11.20782] Fake format
d3d      D         d3d_disp.cpp:1196 real_choose_bitmap_format        [  11.20783] Alpha doesn't match
d3d      D         d3d_disp.cpp:1203 real_choose_bitmap_format        [  11.20784] Adapter format is 23
d3d      D         d3d_disp.cpp:1206 real_choose_bitmap_format        [  11.20785] Found a format
d3d      I         d3d_disp.cpp:2378 d3d_create_bitmap                [  11.20786] Chose bitmap format 9
dtor     D               dtor.c:196  _al_register_destructor          [  11.20813] added dtor for bitmap 027D0EC0, func 61CC1C7B
stdio    D         file_stdio.c:109  file_stdio_fopen                 [  11.23309] opening imagem/box.png rb
d3d      D         d3d_disp.cpp:1188 real_choose_bitmap_format        [  11.24047] Fake format
d3d      D         d3d_disp.cpp:1188 real_choose_bitmap_format        [  11.24050] Fake format
d3d      D         d3d_disp.cpp:1188 real_choose_bitmap_format        [  11.24051] Fake format
d3d      D         d3d_disp.cpp:1188 real_choose_bitmap_format        [  11.24052] Fake format
d3d      D         d3d_disp.cpp:1188 real_choose_bitmap_format        [  11.24053] Fake format
d3d      D         d3d_disp.cpp:1188 real_choose_bitmap_format        [  11.24053] Fake format
d3d      D         d3d_disp.cpp:1188 real_choose_bitmap_format        [  11.24054] Fake format
d3d      D         d3d_disp.cpp:1188 real_choose_bitmap_format        [  11.24055] Fake format
d3d      D         d3d_disp.cpp:1188 real_choose_bitmap_format        [  11.24055] Fake format
d3d      D         d3d_disp.cpp:1196 real_choose_bitmap_format        [  11.24056] Alpha doesn't match
d3d      D         d3d_disp.cpp:1203 real_choose_bitmap_format        [  11.24057] Adapter format is 23
d3d      D         d3d_disp.cpp:1206 real_choose_bitmap_format        [  11.24058] Found a format
d3d      I         d3d_disp.cpp:2378 d3d_create_bitmap                [  11.24059] Chose bitmap format 9
dtor     D               dtor.c:196  _al_register_destructor          [  11.24082] added dtor for bitmap 0280D5C0, func 61CC1C7B
stdio    D         file_stdio.c:109  file_stdio_fopen                 [  11.25119] opening imagem/status.png rb
d3d      D         d3d_disp.cpp:1188 real_choose_bitmap_format        [  11.26165] Fake format
d3d      D         d3d_disp.cpp:1188 real_choose_bitmap_format        [  11.26168] Fake format
d3d      D         d3d_disp.cpp:1188 real_choose_bitmap_format        [  11.26168] Fake format
d3d      D         d3d_disp.cpp:1188 real_choose_bitmap_format        [  11.26169] Fake format
d3d      D         d3d_disp.cpp:1188 real_choose_bitmap_format        [  11.26170] Fake format
d3d      D         d3d_disp.cpp:1188 real_choose_bitmap_format        [  11.26171] Fake format
d3d      D         d3d_disp.cpp:1188 real_choose_bitmap_format        [  11.26172] Fake format
d3d      D         d3d_disp.cpp:1188 real_choose_bitmap_format        [  11.26172] Fake format
d3d      D         d3d_disp.cpp:1188 real_choose_bitmap_format        [  11.26174] Fake format
d3d      D         d3d_disp.cpp:1196 real_choose_bitmap_format        [  11.26175] Alpha doesn't match
d3d      D         d3d_disp.cpp:1203 real_choose_bitmap_format        [  11.26175] Adapter format is 23
d3d      D         d3d_disp.cpp:1206 real_choose_bitmap_format        [  11.26176] Found a format
d3d      I         d3d_disp.cpp:2378 d3d_create_bitmap                [  11.26177] Chose bitmap format 9
dtor     D               dtor.c:196  _al_register_destructor          [  11.26206] added dtor for bitmap 0280D1E0, func 61CC1C7B
stdio    D         file_stdio.c:109  file_stdio_fopen                 [  11.26551] opening imagem/kato.png rb
d3d      D         d3d_disp.cpp:1188 real_choose_bitmap_format        [  11.28211] Fake format
d3d      D         d3d_disp.cpp:1188 real_choose_bitmap_format        [  11.28213] Fake format
d3d      D         d3d_disp.cpp:1188 real_choose_bitmap_format        [  11.28214] Fake format
d3d      D         d3d_disp.cpp:1188 real_choose_bitmap_format        [  11.28215] Fake format
d3d      D         d3d_disp.cpp:1188 real_choose_bitmap_format        [  11.28216] Fake format
d3d      D         d3d_disp.cpp:1188 real_choose_bitmap_format        [  11.28217] Fake format
d3d      D         d3d_disp.cpp:1188 real_choose_bitmap_format        [  11.28217] Fake format
d3d      D         d3d_disp.cpp:1188 real_choose_bitmap_format        [  11.28218] Fake format
d3d      D         d3d_disp.cpp:1188 real_choose_bitmap_format        [  11.28219] Fake format
d3d      D         d3d_disp.cpp:1196 real_choose_bitmap_format        [  11.28220] Alpha doesn't match
d3d      D         d3d_disp.cpp:1203 real_choose_bitmap_format        [  11.28220] Adapter format is 23
d3d      D         d3d_disp.cpp:1206 real_choose_bitmap_format        [  11.28221] Found a format
d3d      I         d3d_disp.cpp:2378 d3d_create_bitmap                [  11.28222] Chose bitmap format 9
dtor     D               dtor.c:196  _al_register_destructor          [  11.28245] added dtor for bitmap 0280D448, func 61CC1C7B
stdio    D         file_stdio.c:109  file_stdio_fopen                 [  11.35546] opening imagem/diego.png rb
d3d      D         d3d_disp.cpp:1188 real_choose_bitmap_format        [  11.36511] Fake format
d3d      D         d3d_disp.cpp:1188 real_choose_bitmap_format        [  11.36514] Fake format
d3d      D         d3d_disp.cpp:1188 real_choose_bitmap_format        [  11.36515] Fake format
d3d      D         d3d_disp.cpp:1188 real_choose_bitmap_format        [  11.36518] Fake format
d3d      D         d3d_disp.cpp:1188 real_choose_bitmap_format        [  11.36519] Fake format
d3d      D         d3d_disp.cpp:1188 real_choose_bitmap_format        [  11.36520] Fake format
d3d      D         d3d_disp.cpp:1188 real_choose_bitmap_format        [  11.36521] Fake format
d3d      D         d3d_disp.cpp:1188 real_choose_bitmap_format        [  11.36523] Fake format
d3d      D         d3d_disp.cpp:1188 real_choose_bitmap_format        [  11.36524] Fake format
d3d      D         d3d_disp.cpp:1196 real_choose_bitmap_format        [  11.36525] Alpha doesn't match
d3d      D         d3d_disp.cpp:1203 real_choose_bitmap_format        [  11.36526] Adapter format is 23
d3d      D         d3d_disp.cpp:1206 real_choose_bitmap_format        [  11.36528] Found a format
d3d      I         d3d_disp.cpp:2378 d3d_create_bitmap                [  11.36529] Chose bitmap format 9
dtor     D               dtor.c:196  _al_register_destructor          [  11.36559] added dtor for bitmap 13DCE058, func 61CC1C7B
stdio    D         file_stdio.c:109  file_stdio_fopen                 [  11.43425] opening imagem/joice.png rb
d3d      D         d3d_disp.cpp:1188 real_choose_bitmap_format        [  11.44317] Fake format
d3d      D         d3d_disp.cpp:1188 real_choose_bitmap_format        [  11.44320] Fake format
d3d      D         d3d_disp.cpp:1188 real_choose_bitmap_format        [  11.44322] Fake format
d3d      D         d3d_disp.cpp:1188 real_choose_bitmap_format        [  11.44324] Fake format
d3d      D         d3d_disp.cpp:1188 real_choose_bitmap_format        [  11.44326] Fake format
d3d      D         d3d_disp.cpp:1188 real_choose_bitmap_format        [  11.44327] Fake format
d3d      D         d3d_disp.cpp:1188 real_choose_bitmap_format        [  11.44328] Fake format
d3d      D         d3d_disp.cpp:1188 real_choose_bitmap_format        [  11.44329] Fake format
d3d      D         d3d_disp.cpp:1188 real_choose_bitmap_format        [  11.44331] Fake format
d3d      D         d3d_disp.cpp:1196 real_choose_bitmap_format        [  11.44332] Alpha doesn't match
d3d      D         d3d_disp.cpp:1203 real_choose_bitmap_format        [  11.44334] Adapter format is 23
d3d      D         d3d_disp.cpp:1206 real_choose_bitmap_format        [  11.44335] Found a format
d3d      I         d3d_disp.cpp:2378 d3d_create_bitmap                [  11.44337] Chose bitmap format 9
dtor     D               dtor.c:196  _al_register_destructor          [  11.44367] added dtor for bitmap 13DCE1A8, func 61CC1C7B
stdio    D         file_stdio.c:109  file_stdio_fopen                 [  11.51536] opening imagem/alex.png rb
d3d      D         d3d_disp.cpp:1188 real_choose_bitmap_format        [  11.53013] Fake format
d3d      D         d3d_disp.cpp:1188 real_choose_bitmap_format        [  11.53015] Fake format
d3d      D         d3d_disp.cpp:1188 real_choose_bitmap_format        [  11.53016] Fake format
d3d      D         d3d_disp.cpp:1188 real_choose_bitmap_format        [  11.53017] Fake format
d3d      D         d3d_disp.cpp:1188 real_choose_bitmap_format        [  11.53018] Fake format
d3d      D         d3d_disp.cpp:1188 real_choose_bitmap_format        [  11.53018] Fake format
d3d      D         d3d_disp.cpp:1188 real_choose_bitmap_format        [  11.53019] Fake format
d3d      D         d3d_disp.cpp:1188 real_choose_bitmap_format        [  11.53020] Fake format
d3d      D         d3d_disp.cpp:1188 real_choose_bitmap_format        [  11.53021] Fake format
d3d      D         d3d_disp.cpp:1196 real_choose_bitmap_format        [  11.53022] Alpha doesn't match
d3d      D         d3d_disp.cpp:1203 real_choose_bitmap_format        [  11.53023] Adapter format is 23
d3d      D         d3d_disp.cpp:1206 real_choose_bitmap_format        [  11.53024] Found a format
d3d      I         d3d_disp.cpp:2378 d3d_create_bitmap                [  11.53025] Chose bitmap format 9
dtor     D               dtor.c:196  _al_register_destructor          [  11.53055] added dtor for bitmap 13DCD850, func 61CC1C7B
audio    D          kcm_mixer.c:121  _al_rechannel_matrix             [  11.60108] sample matrix:
audio    D          kcm_mixer.c:127  _al_rechannel_matrix             [  11.60112]  0.707107 0.000000
audio    D          kcm_mixer.c:127  _al_rechannel_matrix             [  11.60113]  0.000000 0.707107
audio    D          kcm_mixer.c:121  _al_rechannel_matrix             [  11.60114] sample matrix:
audio    D          kcm_mixer.c:127  _al_rechannel_matrix             [  11.60115]  0.028284 0.000000
audio    D          kcm_mixer.c:127  _al_rechannel_matrix             [  11.60116]  0.000000 0.028284
audio    W         kcm_stream.c:641  _al_kcm_refill_stream            [  11.60388] Out of buffers
d3d      D          d3d_bmp.cpp:539  _al_d3d_sync_bitmap              [  11.89328] _al_d3d_sync_bitmap (system) ref count == 1
d3d      D          d3d_bmp.cpp:545  _al_d3d_sync_bitmap              [  11.89332] _al_d3d_sync_bitmap (video) ref count == 1
d3d      D          d3d_bmp.cpp:539  _al_d3d_sync_bitmap              [  12.02528] _al_d3d_sync_bitmap (system) ref count == 1
d3d      D          d3d_bmp.cpp:545  _al_d3d_sync_bitmap              [  12.02533] _al_d3d_sync_bitmap (video) ref count == 1
d3d      D          d3d_bmp.cpp:539  _al_d3d_sync_bitmap              [  12.14833] _al_d3d_sync_bitmap (system) ref count == 1
d3d      D          d3d_bmp.cpp:545  _al_d3d_sync_bitmap              [  12.14837] _al_d3d_sync_bitmap (video) ref count == 1
d3d      D          d3d_bmp.cpp:539  _al_d3d_sync_bitmap              [  12.25048] _al_d3d_sync_bitmap (system) ref count == 1
d3d      D          d3d_bmp.cpp:545  _al_d3d_sync_bitmap              [  12.25054] _al_d3d_sync_bitmap (video) ref count == 1
d3d      D          d3d_bmp.cpp:539  _al_d3d_sync_bitmap              [  12.34837] _al_d3d_sync_bitmap (system) ref count == 1
d3d      D          d3d_bmp.cpp:545  _al_d3d_sync_bitmap              [  12.34841] _al_d3d_sync_bitmap (video) ref count == 1
d3d      D          d3d_bmp.cpp:539  _al_d3d_sync_bitmap              [  12.37735] _al_d3d_sync_bitmap (system) ref count == 1
d3d      D          d3d_bmp.cpp:545  _al_d3d_sync_bitmap              [  12.37739] _al_d3d_sync_bitmap (video) ref count == 1
d3d      D          d3d_bmp.cpp:539  _al_d3d_sync_bitmap              [  12.40528] _al_d3d_sync_bitmap (system) ref count == 1
d3d      D          d3d_bmp.cpp:545  _al_d3d_sync_bitmap              [  12.40532] _al_d3d_sync_bitmap (video) ref count == 1
d3d      D          d3d_bmp.cpp:539  _al_d3d_sync_bitmap              [  12.41422] _al_d3d_sync_bitmap (system) ref count == 1
d3d      D          d3d_bmp.cpp:545  _al_d3d_sync_bitmap              [  12.41425] _al_d3d_sync_bitmap (video) ref count == 1
d3d      D          d3d_bmp.cpp:539  _al_d3d_sync_bitmap              [  12.42065] _al_d3d_sync_bitmap (system) ref count == 1
d3d      D          d3d_bmp.cpp:545  _al_d3d_sync_bitmap              [  12.42069] _al_d3d_sync_bitmap (video) ref count == 1
d3d      D          d3d_bmp.cpp:539  _al_d3d_sync_bitmap              [  12.42739] _al_d3d_sync_bitmap (system) ref count == 1
d3d      D          d3d_bmp.cpp:545  _al_d3d_sync_bitmap              [  12.42752] _al_d3d_sync_bitmap (video) ref count == 1
d3d      D          d3d_bmp.cpp:539  _al_d3d_sync_bitmap              [  12.43791] _al_d3d_sync_bitmap (system) ref count == 1
d3d      D          d3d_bmp.cpp:545  _al_d3d_sync_bitmap              [  12.43794] _al_d3d_sync_bitmap (video) ref count == 1
d3d      D          d3d_bmp.cpp:539  _al_d3d_sync_bitmap              [  12.43992] _al_d3d_sync_bitmap (system) ref count == 1
d3d      D          d3d_bmp.cpp:545  _al_d3d_sync_bitmap              [  12.43995] _al_d3d_sync_bitmap (video) ref count == 1
d3d      D          d3d_bmp.cpp:539  _al_d3d_sync_bitmap              [  12.44079] _al_d3d_sync_bitmap (system) ref count == 1
d3d      D          d3d_bmp.cpp:545  _al_d3d_sync_bitmap              [  12.44081] _al_d3d_sync_bitmap (video) ref count == 1
d3d      D          d3d_bmp.cpp:539  _al_d3d_sync_bitmap              [  12.44850] _al_d3d_sync_bitmap (system) ref count == 1
d3d      D          d3d_bmp.cpp:545  _al_d3d_sync_bitmap              [  12.44854] _al_d3d_sync_bitmap (video) ref count == 1
d3d      D          d3d_bmp.cpp:539  _al_d3d_sync_bitmap              [  12.45634] _al_d3d_sync_bitmap (system) ref count == 1
d3d      D          d3d_bmp.cpp:545  _al_d3d_sync_bitmap              [  12.45637] _al_d3d_sync_bitmap (video) ref count == 1
d3d      D          d3d_bmp.cpp:539  _al_d3d_sync_bitmap              [  12.46444] _al_d3d_sync_bitmap (system) ref count == 1
d3d      D          d3d_bmp.cpp:545  _al_d3d_sync_bitmap              [  12.46447] _al_d3d_sync_bitmap (video) ref count == 1
audio    D          kcm_mixer.c:121  _al_rechannel_matrix             [  14.20670] sample matrix:
audio    D          kcm_mixer.c:127  _al_rechannel_matrix             [  14.20674]  0.707107 0.000000
audio    D          kcm_mixer.c:127  _al_rechannel_matrix             [  14.20675]  0.000000 0.707107
audio    D          kcm_mixer.c:121  _al_rechannel_matrix             [  14.37775] sample matrix:
audio    D          kcm_mixer.c:127  _al_rechannel_matrix             [  14.37779]  0.707107 0.000000
audio    D          kcm_mixer.c:127  _al_rechannel_matrix             [  14.37780]  0.000000 0.707107
audio    D          kcm_mixer.c:121  _al_rechannel_matrix             [  14.52966] sample matrix:
audio    D          kcm_mixer.c:127  _al_rechannel_matrix             [  14.52968]  0.707107 0.000000
audio    D          kcm_mixer.c:127  _al_rechannel_matrix             [  14.52970]  0.000000 0.707107
d3d      I         d3d_disp.cpp:901  d3d_destroy_display              [  15.02952] destroying display 00F6C5E8 (current 00000000)
bitmap   D        bitmap_type.c:308  _al_convert_to_memory_bitmap     [  15.03333] converting display bitmap 13DCD850 to memory bitmap
dtor     D               dtor.c:196  _al_register_destructor          [  15.03340] added dtor for bitmap 027DB6C0, func 61CC1C7B
d3d      D          d3d_bmp.cpp:539  _al_d3d_sync_bitmap              [  15.03343] _al_d3d_sync_bitmap (system) ref count == 1
d3d      D          d3d_bmp.cpp:545  _al_d3d_sync_bitmap              [  15.03344] _al_d3d_sync_bitmap (video) ref count == 1
dtor     D               dtor.c:227  _al_unregister_destructor        [  15.04309] removed dtor for bitmap 027DB6C0
bitmap   D        bitmap_type.c:308  _al_convert_to_memory_bitmap     [  15.04426] converting display bitmap 13DCE1A8 to memory bitmap
dtor     D               dtor.c:196  _al_register_destructor          [  15.04438] added dtor for bitmap 027DBAC8, func 61CC1C7B
d3d      D          d3d_bmp.cpp:539  _al_d3d_sync_bitmap              [  15.04442] _al_d3d_sync_bitmap (system) ref count == 1
d3d      D          d3d_bmp.cpp:545  _al_d3d_sync_bitmap              [  15.04444] _al_d3d_sync_bitmap (video) ref count == 1
dtor     D               dtor.c:227  _al_unregister_destructor        [  15.05492] removed dtor for bitmap 027DBAC8
bitmap   D        bitmap_type.c:308  _al_convert_to_memory_bitmap     [  15.05617] converting display bitmap 13DCE058 to memory bitmap
dtor     D               dtor.c:196  _al_register_destructor          [  15.05630] added dtor for bitmap 027DBC20, func 61CC1C7B
d3d      D          d3d_bmp.cpp:539  _al_d3d_sync_bitmap              [  15.05633] _al_d3d_sync_bitmap (system) ref count == 1
d3d      D          d3d_bmp.cpp:545  _al_d3d_sync_bitmap              [  15.05635] _al_d3d_sync_bitmap (video) ref count == 1
dtor     D               dtor.c:227  _al_unregister_destructor        [  15.06734] removed dtor for bitmap 027DBC20
bitmap   D        bitmap_type.c:308  _al_convert_to_memory_bitmap     [  15.06898] converting display bitmap 0280D448 to memory bitmap
dtor     D               dtor.c:196  _al_register_destructor          [  15.06907] added dtor for bitmap 027DBC20, func 61CC1C7B
d3d      D          d3d_bmp.cpp:539  _al_d3d_sync_bitmap              [  15.06910] _al_d3d_sync_bitmap (system) ref count == 1
d3d      D          d3d_bmp.cpp:545  _al_d3d_sync_bitmap              [  15.06912] _al_d3d_sync_bitmap (video) ref count == 1
dtor     D               dtor.c:227  _al_unregister_destructor        [  15.07907] removed dtor for bitmap 027DBC20
bitmap   D        bitmap_type.c:308  _al_convert_to_memory_bitmap     [  15.08034] converting display bitmap 0280D1E0 to memory bitmap
dtor     D               dtor.c:196  _al_register_destructor          [  15.08039] added dtor for bitmap 027DB6C0, func 61CC1C7B
d3d      D          d3d_bmp.cpp:539  _al_d3d_sync_bitmap              [  15.08042] _al_d3d_sync_bitmap (system) ref count == 1
d3d      D          d3d_bmp.cpp:545  _al_d3d_sync_bitmap              [  15.08043] _al_d3d_sync_bitmap (video) ref count == 1
dtor     D               dtor.c:227  _al_unregister_destructor        [  15.08149] removed dtor for bitmap 027DB6C0
bitmap   D        bitmap_type.c:308  _al_convert_to_memory_bitmap     [  15.08163] converting display bitmap 0280D5C0 to memory bitmap
dtor     D               dtor.c:196  _al_register_destructor          [  15.08168] added dtor for bitmap 027DB6C0, func 61CC1C7B
d3d      D          d3d_bmp.cpp:539  _al_d3d_sync_bitmap              [  15.08170] _al_d3d_sync_bitmap (system) ref count == 1
d3d      D          d3d_bmp.cpp:545  _al_d3d_sync_bitmap              [  15.08171] _al_d3d_sync_bitmap (video) ref count == 1
dtor     D               dtor.c:227  _al_unregister_destructor        [  15.08452] removed dtor for bitmap 027DB6C0
bitmap   D        bitmap_type.c:308  _al_convert_to_memory_bitmap     [  15.08488] converting display bitmap 027D0EC0 to memory bitmap
dtor     D               dtor.c:196  _al_register_destructor          [  15.08494] added dtor for bitmap 027DC180, func 61CC1C7B
d3d      D          d3d_bmp.cpp:539  _al_d3d_sync_bitmap              [  15.08496] _al_d3d_sync_bitmap (system) ref count == 1
d3d      D          d3d_bmp.cpp:545  _al_d3d_sync_bitmap              [  15.08497] _al_d3d_sync_bitmap (video) ref count == 1
dtor     D               dtor.c:227  _al_unregister_destructor        [  15.09750] removed dtor for bitmap 027DC180
bitmap   D        bitmap_type.c:308  _al_convert_to_memory_bitmap     [  15.09939] converting display bitmap 0280DBA8 to memory bitmap
dtor     D               dtor.c:196  _al_register_destructor          [  15.09946] added dtor for bitmap 027DC180, func 61CC1C7B
d3d      D          d3d_bmp.cpp:539  _al_d3d_sync_bitmap              [  15.09949] _al_d3d_sync_bitmap (system) ref count == 1
d3d      D          d3d_bmp.cpp:545  _al_d3d_sync_bitmap              [  15.09950] _al_d3d_sync_bitmap (video) ref count == 1
dtor     D               dtor.c:227  _al_unregister_destructor        [  15.10853] removed dtor for bitmap 027DC180
bitmap   D        bitmap_type.c:308  _al_convert_to_memory_bitmap     [  15.10968] converting display bitmap 0280DA58 to memory bitmap
dtor     D               dtor.c:196  _al_register_destructor          [  15.10975] added dtor for bitmap 027DBED0, func 61CC1C7B
d3d      D          d3d_bmp.cpp:539  _al_d3d_sync_bitmap              [  15.10978] _al_d3d_sync_bitmap (system) ref count == 1
d3d      D          d3d_bmp.cpp:545  _al_d3d_sync_bitmap              [  15.10979] _al_d3d_sync_bitmap (video) ref count == 1
dtor     D               dtor.c:227  _al_unregister_destructor        [  15.11904] removed dtor for bitmap 027DBED0
bitmap   D        bitmap_type.c:308  _al_convert_to_memory_bitmap     [  15.12010] converting display bitmap 0280DD88 to memory bitmap
dtor     D               dtor.c:196  _al_register_destructor          [  15.12018] added dtor for bitmap 027DB6C0, func 61CC1C7B
d3d      D          d3d_bmp.cpp:539  _al_d3d_sync_bitmap              [  15.12022] _al_d3d_sync_bitmap (system) ref count == 1
d3d      D          d3d_bmp.cpp:545  _al_d3d_sync_bitmap              [  15.12023] _al_d3d_sync_bitmap (video) ref count == 1
dtor     D               dtor.c:227  _al_unregister_destructor        [  15.12923] removed dtor for bitmap 027DB6C0
bitmap   D        bitmap_type.c:308  _al_convert_to_memory_bitmap     [  15.13031] converting display bitmap 027D0D70 to memory bitmap
dtor     D               dtor.c:196  _al_register_destructor          [  15.13040] added dtor for bitmap 027DB6C0, func 61CC1C7B
d3d      D          d3d_bmp.cpp:539  _al_d3d_sync_bitmap              [  15.13043] _al_d3d_sync_bitmap (system) ref count == 1
d3d      D          d3d_bmp.cpp:545  _al_d3d_sync_bitmap              [  15.13044] _al_d3d_sync_bitmap (video) ref count == 1
dtor     D               dtor.c:227  _al_unregister_destructor        [  15.16229] removed dtor for bitmap 027DB6C0
bitmap   D        bitmap_type.c:308  _al_convert_to_memory_bitmap     [  15.16602] converting display bitmap 027D0C20 to memory bitmap
dtor     D               dtor.c:196  _al_register_destructor          [  15.16610] added dtor for bitmap 027DC180, func 61CC1C7B
d3d      D          d3d_bmp.cpp:539  _al_d3d_sync_bitmap              [  15.16613] _al_d3d_sync_bitmap (system) ref count == 1
d3d      D          d3d_bmp.cpp:545  _al_d3d_sync_bitmap              [  15.16614] _al_d3d_sync_bitmap (video) ref count == 1
dtor     D               dtor.c:227  _al_unregister_destructor        [  15.20069] removed dtor for bitmap 027DC180
bitmap   D        bitmap_type.c:308  _al_convert_to_memory_bitmap     [  15.20467] converting display bitmap 0280C4C8 to memory bitmap
dtor     D               dtor.c:196  _al_register_destructor          [  15.20488] added dtor for bitmap 027DBAC8, func 61CC1C7B
d3d      D          d3d_bmp.cpp:539  _al_d3d_sync_bitmap              [  15.20492] _al_d3d_sync_bitmap (system) ref count == 1
d3d      D          d3d_bmp.cpp:545  _al_d3d_sync_bitmap              [  15.20493] _al_d3d_sync_bitmap (video) ref count == 1
dtor     D               dtor.c:227  _al_unregister_destructor        [  15.34832] removed dtor for bitmap 027DBAC8
bitmap   D        bitmap_type.c:308  _al_convert_to_memory_bitmap     [  15.36908] converting display bitmap 0280EE30 to memory bitmap
dtor     D               dtor.c:196  _al_register_destructor          [  15.36939] added dtor for bitmap 027DBAC8, func 61CC1C7B
d3d      D          d3d_bmp.cpp:539  _al_d3d_sync_bitmap              [  15.36943] _al_d3d_sync_bitmap (system) ref count == 1
d3d      D          d3d_bmp.cpp:545  _al_d3d_sync_bitmap              [  15.36944] _al_d3d_sync_bitmap (video) ref count == 1
dtor     D               dtor.c:227  _al_unregister_destructor        [  15.52568] removed dtor for bitmap 027DBAC8
bitmap   D        bitmap_type.c:308  _al_convert_to_memory_bitmap     [  15.54428] converting display bitmap 0280EBF8 to memory bitmap
dtor     D               dtor.c:196  _al_register_destructor          [  15.54450] added dtor for bitmap 027DB6C0, func 61CC1C7B
d3d      D          d3d_bmp.cpp:539  _al_d3d_sync_bitmap              [  15.54453] _al_d3d_sync_bitmap (system) ref count == 1
d3d      D          d3d_bmp.cpp:545  _al_d3d_sync_bitmap              [  15.54454] _al_d3d_sync_bitmap (video) ref count == 1
dtor     D               dtor.c:227  _al_unregister_destructor        [  15.70322] removed dtor for bitmap 027DB6C0
bitmap   D        bitmap_type.c:308  _al_convert_to_memory_bitmap     [  15.72227] converting display bitmap 027D1068 to memory bitmap
dtor     D               dtor.c:196  _al_register_destructor          [  15.72249] added dtor for bitmap 027DBAC8, func 61CC1C7B
d3d      D          d3d_bmp.cpp:539  _al_d3d_sync_bitmap              [  15.72251] _al_d3d_sync_bitmap (system) ref count == 1
d3d      D          d3d_bmp.cpp:545  _al_d3d_sync_bitmap              [  15.72252] _al_d3d_sync_bitmap (video) ref count == 1
dtor     D               dtor.c:227  _al_unregister_destructor        [  15.88326] removed dtor for bitmap 027DBAC8
d3d      D         d3d_disp.cpp:885  d3d_destroy_display_internals    [  15.90577] waiting for display 00F6C5E8's thread to end
d3d      W         d3d_disp.cpp:595  d3d_destroy_device               [  15.91573] d3d_destroy_device: ref count not 0
d3d      W         d3d_disp.cpp:595  d3d_destroy_device               [  15.91578] d3d_destroy_device: ref count not 0
d3d      I         d3d_disp.cpp:1549 d3d_display_thread_proc          [  15.94273] d3d display thread exits
dtor     D               dtor.c:227  _al_unregister_destructor        [  15.94456] removed dtor for queue 027D0BA0
dtor     D               dtor.c:227  _al_unregister_destructor        [  15.94463] removed dtor for queue 027C2A20
audio    D         kcm_stream.c:772  _al_kcm_feed_stream              [  15.94466] Stream feeder thread finished.
dtor     D               dtor.c:227  _al_unregister_destructor        [  15.94503] removed dtor for queue 02769920
audio    D         kcm_stream.c:772  _al_kcm_feed_stream              [  15.94506] Stream feeder thread finished.
dtor     D               dtor.c:227  _al_unregister_destructor        [  15.94543] removed dtor for queue 027765E0
audio    D         kcm_stream.c:772  _al_kcm_feed_stream              [  15.94545] Stream feeder thread finished.
dtor     D               dtor.c:227  _al_unregister_destructor        [  15.94579] removed dtor for timer 02710288
dtor     D               dtor.c:227  _al_unregister_destructor        [  15.94582] removed dtor for bitmap 027D0C20
dtor     D               dtor.c:227  _al_unregister_destructor        [  15.94768] removed dtor for bitmap 0280DD88
dtor     D               dtor.c:227  _al_unregister_destructor        [  15.94866] removed dtor for bitmap 0280D5C0
dtor     D               dtor.c:227  _al_unregister_destructor        [  15.94881] removed dtor for bitmap 027D1068
dtor     D               dtor.c:227  _al_unregister_destructor        [  15.95744] removed dtor for bitmap 0280D1E0
dtor     D               dtor.c:116  _al_run_destructors              [  15.95755] calling dtor for bitmap 13DCD850, func 61CC1C7B
dtor     D               dtor.c:227  _al_unregister_destructor        [  15.95757] removed dtor for bitmap 13DCD850
dtor     D               dtor.c:116  _al_run_destructors              [  15.95814] calling dtor for bitmap 13DCE1A8, func 61CC1C7B
dtor     D               dtor.c:227  _al_unregister_destructor        [  15.95820] removed dtor for bitmap 13DCE1A8
dtor     D               dtor.c:116  _al_run_destructors              [  15.95896] calling dtor for bitmap 13DCE058, func 61CC1C7B
dtor     D               dtor.c:227  _al_unregister_destructor        [  15.95900] removed dtor for bitmap 13DCE058
dtor     D               dtor.c:116  _al_run_destructors              [  15.95949] calling dtor for bitmap 0280D448, func 61CC1C7B
dtor     D               dtor.c:227  _al_unregister_destructor        [  15.95952] removed dtor for bitmap 0280D448
dtor     D               dtor.c:116  _al_run_destructors              [  15.96003] calling dtor for bitmap 027D0EC0, func 61CC1C7B
dtor     D               dtor.c:227  _al_unregister_destructor        [  15.96005] removed dtor for bitmap 027D0EC0
dtor     D               dtor.c:116  _al_run_destructors              [  15.96073] calling dtor for bitmap 0280DBA8, func 61CC1C7B
dtor     D               dtor.c:227  _al_unregister_destructor        [  15.96076] removed dtor for bitmap 0280DBA8
dtor     D               dtor.c:116  _al_run_destructors              [  15.96122] calling dtor for bitmap 0280DA58, func 61CC1C7B
dtor     D               dtor.c:227  _al_unregister_destructor        [  15.96125] removed dtor for bitmap 0280DA58
dtor     D               dtor.c:116  _al_run_destructors              [  15.96172] calling dtor for bitmap 027D0D70, func 61CC1C7B
dtor     D               dtor.c:227  _al_unregister_destructor        [  15.96175] removed dtor for bitmap 027D0D70
dtor     D               dtor.c:116  _al_run_destructors              [  15.96353] calling dtor for bitmap 0280C4C8, func 61CC1C7B
dtor     D               dtor.c:227  _al_unregister_destructor        [  15.96356] removed dtor for bitmap 0280C4C8
dtor     D               dtor.c:116  _al_run_destructors              [  15.97110] calling dtor for bitmap 0280EE30, func 61CC1C7B
dtor     D               dtor.c:227  _al_unregister_destructor        [  15.97113] removed dtor for bitmap 0280EE30
dtor     D               dtor.c:116  _al_run_destructors              [  15.97909] calling dtor for bitmap 0280EBF8, func 61CC1C7B
dtor     D               dtor.c:227  _al_unregister_destructor        [  15.97912] removed dtor for bitmap 0280EBF8
dtor     D               dtor.c:116  _al_run_destructors              [  15.98504] calling dtor for ttf_font 027CB368, func 61DB9898
dtor     D               dtor.c:227  _al_unregister_destructor        [  16.00335] removed dtor for ttf_font 027CB368
dtor     D               dtor.c:116  _al_run_destructors              [  16.01704] calling dtor for ttf_font 027CB408, func 61DB9898
dtor     D               dtor.c:227  _al_unregister_destructor        [  16.01706] removed dtor for ttf_font 027CB408
dtor     D               dtor.c:116  _al_run_destructors              [  16.01709] calling dtor for ttf_font 027CB528, func 61DB9898
dtor     D               dtor.c:227  _al_unregister_destructor        [  16.01710] removed dtor for ttf_font 027CB528
dtor     D               dtor.c:116  _al_run_destructors              [  16.01714] calling dtor for ttf_font 0271AAB8, func 61DB9898
dtor     D               dtor.c:227  _al_unregister_destructor        [  16.01715] removed dtor for ttf_font 0271AAB8
dtor     D               dtor.c:116  _al_run_destructors              [  16.01718] calling dtor for ttf_font 0271A938, func 61DB9898
dtor     D               dtor.c:227  _al_unregister_destructor        [  16.01720] removed dtor for ttf_font 0271A938
dtor     D               dtor.c:116  _al_run_destructors              [  16.01726] calling dtor for ttf_font 0271AB58, func 61DB9898
dtor     D               dtor.c:227  _al_unregister_destructor        [  16.01727] removed dtor for ttf_font 0271AB58
dtor     D               dtor.c:227  _al_unregister_destructor        [  16.01731] removed dtor for sample_instance 02719FE8
dtor     D               dtor.c:227  _al_unregister_destructor        [  16.01732] removed dtor for sample_instance 0271A2F8
dtor     D               dtor.c:227  _al_unregister_destructor        [  16.01733] removed dtor for sample_instance 02719DC8
dtor     D               dtor.c:227  _al_unregister_destructor        [  16.01734] removed dtor for sample_instance 02719EB8
dtor     D               dtor.c:227  _al_unregister_destructor        [  16.01735] removed dtor for sample_instance 02726C00
dtor     D               dtor.c:227  _al_unregister_destructor        [  16.01736] removed dtor for mixer 02719CB8
audio-dsound D           dsound.cpp:509  _dsound_stop_voice               [  16.01737] Stopping voice
audio-dsound D           dsound.cpp:526  _dsound_stop_voice               [  16.01738] Joining thread
audio-dsound D           dsound.cpp:532  _dsound_stop_voice               [  16.02016] Joined thread
audio-dsound D           dsound.cpp:534  _dsound_stop_voice               [  16.02019] Destroying thread
audio-dsound D           dsound.cpp:536  _dsound_stop_voice               [  16.02020] Thread destroyed
audio-dsound D           dsound.cpp:543  _dsound_stop_voice               [  16.02021] Releasing buffer
audio-dsound I           dsound.cpp:547  _dsound_stop_voice               [  16.02022] Voice stopped
dtor     D               dtor.c:227  _al_unregister_destructor        [  16.02025] removed dtor for voice 027131E8
audio-dsound D           dsound.cpp:359  _dsound_deallocate_voice         [  16.02026] Deallocating voice
audio-dsound D           dsound.cpp:364  _dsound_deallocate_voice         [  16.02027] Deallocated voice
dtor     D               dtor.c:116  _al_run_destructors              [  16.02028] calling dtor for sample 0276AFA8, func 61DC2689
dtor     D               dtor.c:227  _al_unregister_destructor        [  16.02029] removed dtor for sample 0276AFA8
audio-dsound D           dsound.cpp:275  _dsound_close                    [  16.02033] Releasing device
audio-dsound D           dsound.cpp:277  _dsound_close                    [  16.06166] Released device
audio-dsound I           dsound.cpp:278  _dsound_close                    [  16.06169] DirectSound closed
